[0.051s] Invoking command in '/home/kevin/ROS2_Homework/build/shop_customer': CMAKE_PREFIX_PATH=/opt/ros/galactic /usr/bin/cmake --build /home/kevin/ROS2_Homework/build/shop_customer -- -j4 -l4
[0.213s] -- Found ament_cmake: 1.1.6 (/opt/ros/galactic/share/ament_cmake/cmake)
[0.268s] -- Using PYTHON_EXECUTABLE: /usr/bin/python3
[0.439s] -- Found rclcpp: 9.2.2 (/opt/ros/galactic/share/rclcpp/cmake)
[0.593s] -- Using all available rosidl_typesupport_c: rosidl_typesupport_fastrtps_c;rosidl_typesupport_introspection_c
[0.611s] -- Found rosidl_adapter: 2.2.3 (/opt/ros/galactic/share/rosidl_adapter/cmake)
[0.954s] -- Using all available rosidl_typesupport_cpp: rosidl_typesupport_fastrtps_cpp;rosidl_typesupport_introspection_cpp
[1.168s] -- Found rmw_implementation_cmake: 3.3.1 (/opt/ros/galactic/share/rmw_implementation_cmake/cmake)
[1.179s] -- Found rmw_cyclonedds_cpp: 0.22.6 (/opt/ros/galactic/share/rmw_cyclonedds_cpp/cmake)
[1.247s] -- Using RMW implementation 'rmw_cyclonedds_cpp' as default
[1.645s] -- Found rosidl_default_generators: 1.1.1 (/opt/ros/galactic/share/rosidl_default_generators/cmake)
[1.746s] -- Found PythonInterp: /usr/bin/python3 (found version "3.8.10") 
[2.501s] -- Configuring incomplete, errors occurred!
[2.501s] See also "/home/kevin/ROS2_Homework/build/shop_customer/CMakeFiles/CMakeOutput.log".
[2.502s] See also "/home/kevin/ROS2_Homework/build/shop_customer/CMakeFiles/CMakeError.log".
[2.504s] CMake Error at /opt/ros/galactic/share/rosidl_adapter/cmake/rosidl_adapt_interfaces.cmake:60 (message):
[2.504s]   execute_process(/usr/bin/python3 -m rosidl_adapter --package-name
[2.505s]   shop_customer --arguments-file
[2.505s]   /home/kevin/ROS2_Homework/build/shop_customer/rosidl_adapter__arguments__shop_customer.json
[2.505s]   --output-dir
[2.505s]   /home/kevin/ROS2_Homework/build/shop_customer/rosidl_adapter/shop_customer
[2.505s]   --output-file
[2.505s]   /home/kevin/ROS2_Homework/build/shop_customer/rosidl_adapter/shop_customer.idls)
[2.505s]   returned error code 1:
[2.506s] 
[2.506s]   Error processing 'int remaining' of 'shop_customer/Order_Response': ''int'
[2.506s]   is an invalid message name.  It should have the pattern
[2.506s]   '^[A-Z][A-Za-z0-9]*$''
[2.506s] 
[2.506s]   Traceback (most recent call last):
[2.506s] 
[2.506s]     File "/usr/lib/python3.8/runpy.py", line 194, in _run_module_as_main
[2.507s]       return _run_code(code, main_globals, None,
[2.507s]     File "/usr/lib/python3.8/runpy.py", line 87, in _run_code
[2.507s]       exec(code, run_globals)
[2.507s]     File "/opt/ros/galactic/lib/python3.8/site-packages/rosidl_adapter/__main__.py", line 19, in <module>
[2.508s]       sys.exit(main())
[2.508s]     File "/opt/ros/galactic/lib/python3.8/site-packages/rosidl_adapter/main.py", line 53, in main
[2.508s]       abs_idl_file = convert_to_idl(
[2.508s]     File "/opt/ros/galactic/lib/python3.8/site-packages/rosidl_adapter/__init__.py", line 24, in convert_to_idl
[2.508s]       return convert_srv_to_idl(
[2.508s]     File "/opt/ros/galactic/lib/python3.8/site-packages/rosidl_adapter/srv/__init__.py", line 28, in convert_srv_to_idl
[2.508s]       srv = parse_service_string(package_name, input_file.stem, content)
[2.509s]     File "/opt/ros/galactic/lib/python3.8/site-packages/rosidl_adapter/parser.py", line 856, in parse_service_string
[2.509s]       response_message = parse_message_string(
[2.509s]     File "/opt/ros/galactic/lib/python3.8/site-packages/rosidl_adapter/parser.py", line 516, in parse_message_string
[2.509s]       Type(type_string, context_package_name=pkg_name),
[2.509s]     File "/opt/ros/galactic/lib/python3.8/site-packages/rosidl_adapter/parser.py", line 276, in __init__
[2.509s]       super(Type, self).__init__(
[2.509s]     File "/opt/ros/galactic/lib/python3.8/site-packages/rosidl_adapter/parser.py", line 204, in __init__
[2.509s]       raise InvalidResourceName(
[2.510s] 
[2.510s]   rosidl_adapter.parser.InvalidResourceName: 'int' is an invalid message
[2.510s]   name.  It should have the pattern '^[A-Z][A-Za-z0-9]*$'
[2.510s] 
[2.510s] Call Stack (most recent call first):
[2.510s]   /opt/ros/galactic/share/rosidl_cmake/cmake/rosidl_generate_interfaces.cmake:130 (rosidl_adapt_interfaces)
[2.511s]   CMakeLists.txt:15 (rosidl_generate_interfaces)
[2.511s] 
[2.511s] 
[2.517s] make: *** [Makefile:310: cmake_check_build_system] Error 1
[2.523s] Invoked command in '/home/kevin/ROS2_Homework/build/shop_customer' returned '2': CMAKE_PREFIX_PATH=/opt/ros/galactic /usr/bin/cmake --build /home/kevin/ROS2_Homework/build/shop_customer -- -j4 -l4
